"TimeCreated","EventID","Message"
"20/07/2025 22:27:03","11","File created:
RuleName: -
UtcTime: 2025-07-20 21:27:03.554
ProcessGuid: {7f6f9216-5f27-687d-a009-000000006901}
ProcessId: 7348
Image: C:\Windows\SysWOW64\WindowsPowerShell\v1.0\powershell.exe
TargetFilename: C:\Users\Shxro\AppData\Local\Temp\__PSScriptPolicyTest_mbhz5uux.ckm.ps1
CreationUtcTime: 2025-07-20 21:27:03.554
User: SHARON\Shxro"
"20/07/2025 22:27:03","1","Process Create:
RuleName: -
UtcTime: 2025-07-20 21:27:03.481
ProcessGuid: {7f6f9216-5f27-687d-a009-000000006901}
ProcessId: 7348
Image: C:\Windows\SysWOW64\WindowsPowerShell\v1.0\powershell.exe
FileVersion: 10.0.22621.3085 (WinBuild.160101.0800)
Description: Windows PowerShell
Product: Microsoft? Windows? Operating System
Company: Microsoft Corporation
OriginalFileName: PowerShell.EXE
CommandLine: powershell.exe -c gwmi win32_process -Filter 'ProcessId=24968 or ProcessId=18904' | select CreationDate,KernelModeTime,ParentProcessId,ProcessId,UserModeTime,WorkingSetSize | format-table
CurrentDirectory: C:\WINDOWS\system32\
User: SHARON\Shxro
LogonGuid: {7f6f9216-39c8-687d-7b7c-070000000000}
LogonId: 0x77C7B
TerminalSessionId: 1
IntegrityLevel: High
Hashes: MD5=61732DBA77466B624C014B67A1E1348E,SHA256=D4CC57797F43E2744E5F46CFB9E69DF2944D4C809A5FA93928F453E59076F0CD,IMPHASH=9F91C97560360686D37B0E311BB8BD64
ParentProcessGuid: {7f6f9216-39d9-687d-d001-000000006901}
ParentProcessId: 18904
ParentImage: C:\Program Files (x86)\ASUS\ArmouryDevice\asus_framework.exe
ParentCommandLine: ""C:\Program Files (x86)\ASUS\ArmouryDevice\asus_framework.exe"" --delay
ParentUser: SHARON\Shxro"
"20/07/2025 22:26:33","11","File created:
RuleName: -
UtcTime: 2025-07-20 21:26:33.540
ProcessGuid: {7f6f9216-5f09-687d-9e09-000000006901}
ProcessId: 18284
Image: C:\Windows\SysWOW64\WindowsPowerShell\v1.0\powershell.exe
TargetFilename: C:\Users\Shxro\AppData\Local\Temp\__PSScriptPolicyTest_0i1g2tdw.xrq.ps1
CreationUtcTime: 2025-07-20 21:26:33.540
User: SHARON\Shxro"
"20/07/2025 22:26:33","1","Process Create:
RuleName: -
UtcTime: 2025-07-20 21:26:33.466
ProcessGuid: {7f6f9216-5f09-687d-9e09-000000006901}
ProcessId: 18284
Image: C:\Windows\SysWOW64\WindowsPowerShell\v1.0\powershell.exe
FileVersion: 10.0.22621.3085 (WinBuild.160101.0800)
Description: Windows PowerShell
Product: Microsoft? Windows? Operating System
Company: Microsoft Corporation
OriginalFileName: PowerShell.EXE
CommandLine: powershell.exe -c gwmi win32_process -Filter 'ProcessId=24968 or ProcessId=18904' | select CreationDate,KernelModeTime,ParentProcessId,ProcessId,UserModeTime,WorkingSetSize | format-table
CurrentDirectory: C:\WINDOWS\system32\
User: SHARON\Shxro
LogonGuid: {7f6f9216-39c8-687d-7b7c-070000000000}
LogonId: 0x77C7B
TerminalSessionId: 1
IntegrityLevel: High
Hashes: MD5=61732DBA77466B624C014B67A1E1348E,SHA256=D4CC57797F43E2744E5F46CFB9E69DF2944D4C809A5FA93928F453E59076F0CD,IMPHASH=9F91C97560360686D37B0E311BB8BD64
ParentProcessGuid: {7f6f9216-39d9-687d-d001-000000006901}
ParentProcessId: 18904
ParentImage: C:\Program Files (x86)\ASUS\ArmouryDevice\asus_framework.exe
ParentCommandLine: ""C:\Program Files (x86)\ASUS\ArmouryDevice\asus_framework.exe"" --delay
ParentUser: SHARON\Shxro"
"20/07/2025 22:26:03","11","File created:
RuleName: -
UtcTime: 2025-07-20 21:26:03.630
ProcessGuid: {7f6f9216-5eeb-687d-9c09-000000006901}
ProcessId: 9872
Image: C:\Windows\SysWOW64\WindowsPowerShell\v1.0\powershell.exe
TargetFilename: C:\Users\Shxro\AppData\Local\Temp\__PSScriptPolicyTest_jw1xevgq.4bs.ps1
CreationUtcTime: 2025-07-20 21:26:03.630
User: SHARON\Shxro"
"20/07/2025 22:26:03","1","Process Create:
RuleName: -
UtcTime: 2025-07-20 21:26:03.452
ProcessGuid: {7f6f9216-5eeb-687d-9c09-000000006901}
ProcessId: 9872
Image: C:\Windows\SysWOW64\WindowsPowerShell\v1.0\powershell.exe
FileVersion: 10.0.22621.3085 (WinBuild.160101.0800)
Description: Windows PowerShell
Product: Microsoft? Windows? Operating System
Company: Microsoft Corporation
OriginalFileName: PowerShell.EXE
CommandLine: powershell.exe -c gwmi win32_process -Filter 'ProcessId=24968 or ProcessId=18904' | select CreationDate,KernelModeTime,ParentProcessId,ProcessId,UserModeTime,WorkingSetSize | format-table
CurrentDirectory: C:\WINDOWS\system32\
User: SHARON\Shxro
LogonGuid: {7f6f9216-39c8-687d-7b7c-070000000000}
LogonId: 0x77C7B
TerminalSessionId: 1
IntegrityLevel: High
Hashes: MD5=61732DBA77466B624C014B67A1E1348E,SHA256=D4CC57797F43E2744E5F46CFB9E69DF2944D4C809A5FA93928F453E59076F0CD,IMPHASH=9F91C97560360686D37B0E311BB8BD64
ParentProcessGuid: {7f6f9216-39d9-687d-d001-000000006901}
ParentProcessId: 18904
ParentImage: C:\Program Files (x86)\ASUS\ArmouryDevice\asus_framework.exe
ParentCommandLine: ""C:\Program Files (x86)\ASUS\ArmouryDevice\asus_framework.exe"" --delay
ParentUser: SHARON\Shxro"
"20/07/2025 22:25:33","11","File created:
RuleName: -
UtcTime: 2025-07-20 21:25:33.514
ProcessGuid: {7f6f9216-5ecd-687d-9409-000000006901}
ProcessId: 11924
Image: C:\Windows\SysWOW64\WindowsPowerShell\v1.0\powershell.exe
TargetFilename: C:\Users\Shxro\AppData\Local\Temp\__PSScriptPolicyTest_4z2j5toj.5eh.ps1
CreationUtcTime: 2025-07-20 21:25:33.514
User: SHARON\Shxro"
"20/07/2025 22:25:33","1","Process Create:
RuleName: -
UtcTime: 2025-07-20 21:25:33.439
ProcessGuid: {7f6f9216-5ecd-687d-9409-000000006901}
ProcessId: 11924
Image: C:\Windows\SysWOW64\WindowsPowerShell\v1.0\powershell.exe
FileVersion: 10.0.22621.3085 (WinBuild.160101.0800)
Description: Windows PowerShell
Product: Microsoft? Windows? Operating System
Company: Microsoft Corporation
OriginalFileName: PowerShell.EXE
CommandLine: powershell.exe -c gwmi win32_process -Filter 'ProcessId=24968 or ProcessId=18904' | select CreationDate,KernelModeTime,ParentProcessId,ProcessId,UserModeTime,WorkingSetSize | format-table
CurrentDirectory: C:\WINDOWS\system32\
User: SHARON\Shxro
LogonGuid: {7f6f9216-39c8-687d-7b7c-070000000000}
LogonId: 0x77C7B
TerminalSessionId: 1
IntegrityLevel: High
Hashes: MD5=61732DBA77466B624C014B67A1E1348E,SHA256=D4CC57797F43E2744E5F46CFB9E69DF2944D4C809A5FA93928F453E59076F0CD,IMPHASH=9F91C97560360686D37B0E311BB8BD64
ParentProcessGuid: {7f6f9216-39d9-687d-d001-000000006901}
ParentProcessId: 18904
ParentImage: C:\Program Files (x86)\ASUS\ArmouryDevice\asus_framework.exe
ParentCommandLine: ""C:\Program Files (x86)\ASUS\ArmouryDevice\asus_framework.exe"" --delay
ParentUser: SHARON\Shxro"
"20/07/2025 22:25:03","11","File created:
RuleName: -
UtcTime: 2025-07-20 21:25:03.509
ProcessGuid: {7f6f9216-5eaf-687d-8e09-000000006901}
ProcessId: 7984
Image: C:\Windows\SysWOW64\WindowsPowerShell\v1.0\powershell.exe
TargetFilename: C:\Users\Shxro\AppData\Local\Temp\__PSScriptPolicyTest_zftiwvd4.dlk.ps1
CreationUtcTime: 2025-07-20 21:25:03.509
User: SHARON\Shxro"
"20/07/2025 22:25:03","1","Process Create:
RuleName: -
UtcTime: 2025-07-20 21:25:03.434
ProcessGuid: {7f6f9216-5eaf-687d-8e09-000000006901}
ProcessId: 7984
Image: C:\Windows\SysWOW64\WindowsPowerShell\v1.0\powershell.exe
FileVersion: 10.0.22621.3085 (WinBuild.160101.0800)
Description: Windows PowerShell
Product: Microsoft? Windows? Operating System
Company: Microsoft Corporation
OriginalFileName: PowerShell.EXE
CommandLine: powershell.exe -c gwmi win32_process -Filter 'ProcessId=24968 or ProcessId=18904' | select CreationDate,KernelModeTime,ParentProcessId,ProcessId,UserModeTime,WorkingSetSize | format-table
CurrentDirectory: C:\WINDOWS\system32\
User: SHARON\Shxro
LogonGuid: {7f6f9216-39c8-687d-7b7c-070000000000}
LogonId: 0x77C7B
TerminalSessionId: 1
IntegrityLevel: High
Hashes: MD5=61732DBA77466B624C014B67A1E1348E,SHA256=D4CC57797F43E2744E5F46CFB9E69DF2944D4C809A5FA93928F453E59076F0CD,IMPHASH=9F91C97560360686D37B0E311BB8BD64
ParentProcessGuid: {7f6f9216-39d9-687d-d001-000000006901}
ParentProcessId: 18904
ParentImage: C:\Program Files (x86)\ASUS\ArmouryDevice\asus_framework.exe
ParentCommandLine: ""C:\Program Files (x86)\ASUS\ArmouryDevice\asus_framework.exe"" --delay
ParentUser: SHARON\Shxro"
"20/07/2025 22:24:37","11","File created:
RuleName: -
UtcTime: 2025-07-20 21:24:37.375
ProcessGuid: {7f6f9216-5e95-687d-7a09-000000006901}
ProcessId: 24092
Image: C:\WINDOWS\System32\WindowsPowerShell\v1.0\powershell.exe
TargetFilename: C:\Users\Shxro\AppData\Local\Temp\__PSScriptPolicyTest_u4p242pd.41f.ps1
CreationUtcTime: 2025-07-20 21:24:37.375
User: SHARON\Shxro"
"20/07/2025 22:24:37","1","Process Create:
RuleName: -
UtcTime: 2025-07-20 21:24:37.320
ProcessGuid: {7f6f9216-5e95-687d-7a09-000000006901}
ProcessId: 24092
Image: C:\Windows\System32\WindowsPowerShell\v1.0\powershell.exe
FileVersion: 10.0.22621.3085 (WinBuild.160101.0800)
Description: Windows PowerShell
Product: Microsoft? Windows? Operating System
Company: Microsoft Corporation
OriginalFileName: PowerShell.EXE
CommandLine: C:\WINDOWS\System32\WindowsPowerShell\v1.0\powershell.exe -NoProfile -ExecutionPolicy Bypass -Command ""Import-Module 'c:\Users\Shxro\.vscode\extensions\ms-vscode.powershell-2025.2.0\modules\PowerShellEditorServices\PowerShellEditorServices.psd1'; Start-EditorServices -HostName 'Visual Studio Code Host' -HostProfileId 'Microsoft.VSCode' -HostVersion '2025.2.0' -BundledModulesPath 'c:\Users\Shxro\.vscode\extensions\ms-vscode.powershell-2025.2.0\modules' -EnableConsoleRepl -StartupBanner \""PowerShell Extension v2025.2.0
Copyright (c) Microsoft Corporation.

https://aka.ms/vscode-powershell
Type 'help' to get help.
\"" -LogLevel 'Warning' -LogPath 'c:\Users\Shxro\AppData\Roaming\Code\logs\20250720T202850\window1\exthost\ms-vscode.powershell' -SessionDetailsPath 'c:\Users\Shxro\AppData\Roaming\Code\User\globalStorage\ms-vscode.powershell\sessions\PSES-VSCode-4204-737802.json' -FeatureFlags @() ""
CurrentDirectory: C:\Users\Shxro\OneDrive\Desktop\Projects\Windows-threat-hunter\
User: SHARON\Shxro
LogonGuid: {7f6f9216-39c8-687d-6882-070000000000}
LogonId: 0x78268
TerminalSessionId: 1
IntegrityLevel: Medium
Hashes: MD5=9D8E30DAF21108092D5980C931876B7E,SHA256=3247BCFD60F6DD25F34CB74B5889AB10EF1B3EC72B4D4B3D95B5B25B534560B8,IMPHASH=AFACF6DC9041114B198160AAB4D0AE77
ParentProcessGuid: {7f6f9216-4373-687d-d204-000000006901}
ParentProcessId: 20736
ParentImage: C:\Users\Shxro\AppData\Local\Programs\Microsoft VS Code\Code.exe
ParentCommandLine: ""C:\Users\Shxro\AppData\Local\Programs\Microsoft VS Code\Code.exe"" --type=utility --utility-sub-type=node.mojom.NodeService --lang=en-US --service-sandbox-type=none --video-capture-use-gpu-memory-buffer --user-data-dir=""C:\Users\Shxro\AppData\Roaming\Code"" --standard-schemes=vscode-webview,vscode-file --enable-sandbox --secure-schemes=vscode-webview,vscode-file --cors-schemes=vscode-webview,vscode-file --fetch-schemes=vscode-webview,vscode-file --service-worker-schemes=vscode-webview --code-cache-schemes=vscode-webview,vscode-file --field-trial-handle=1780,i,12833348368382092200,3710087918277022339,262144 --enable-features=DocumentPolicyIncludeJSCallStacksInCrashReports,EarlyEstablishGpuChannel,EstablishGpuChannelAsync --disable-features=CalculateNativeWinOcclusion,SpareRendererForSitePerProcess,WinDelaySpellcheckServiceInit --variations-seed-version --mojo-platform-channel-handle=3584 /prefetch:14
ParentUser: SHARON\Shxro"
"20/07/2025 22:24:33","11","File created:
RuleName: -
UtcTime: 2025-07-20 21:24:33.511
ProcessGuid: {7f6f9216-5e91-687d-6d09-000000006901}
ProcessId: 16800
Image: C:\Windows\SysWOW64\WindowsPowerShell\v1.0\powershell.exe
TargetFilename: C:\Users\Shxro\AppData\Local\Temp\__PSScriptPolicyTest_v4ef1lpv.eoe.ps1
CreationUtcTime: 2025-07-20 21:24:33.511
User: SHARON\Shxro"
"20/07/2025 22:24:33","1","Process Create:
RuleName: -
UtcTime: 2025-07-20 21:24:33.435
ProcessGuid: {7f6f9216-5e91-687d-6d09-000000006901}
ProcessId: 16800
Image: C:\Windows\SysWOW64\WindowsPowerShell\v1.0\powershell.exe
FileVersion: 10.0.22621.3085 (WinBuild.160101.0800)
Description: Windows PowerShell
Product: Microsoft? Windows? Operating System
Company: Microsoft Corporation
OriginalFileName: PowerShell.EXE
CommandLine: powershell.exe -c gwmi win32_process -Filter 'ProcessId=24968 or ProcessId=18904' | select CreationDate,KernelModeTime,ParentProcessId,ProcessId,UserModeTime,WorkingSetSize | format-table
CurrentDirectory: C:\WINDOWS\system32\
User: SHARON\Shxro
LogonGuid: {7f6f9216-39c8-687d-7b7c-070000000000}
LogonId: 0x77C7B
TerminalSessionId: 1
IntegrityLevel: High
Hashes: MD5=61732DBA77466B624C014B67A1E1348E,SHA256=D4CC57797F43E2744E5F46CFB9E69DF2944D4C809A5FA93928F453E59076F0CD,IMPHASH=9F91C97560360686D37B0E311BB8BD64
ParentProcessGuid: {7f6f9216-39d9-687d-d001-000000006901}
ParentProcessId: 18904
ParentImage: C:\Program Files (x86)\ASUS\ArmouryDevice\asus_framework.exe
ParentCommandLine: ""C:\Program Files (x86)\ASUS\ArmouryDevice\asus_framework.exe"" --delay
ParentUser: SHARON\Shxro"
"20/07/2025 22:24:03","11","File created:
RuleName: -
UtcTime: 2025-07-20 21:24:03.504
ProcessGuid: {7f6f9216-5e73-687d-6a09-000000006901}
ProcessId: 27076
Image: C:\Windows\SysWOW64\WindowsPowerShell\v1.0\powershell.exe
TargetFilename: C:\Users\Shxro\AppData\Local\Temp\__PSScriptPolicyTest_0ywvuity.pcn.ps1
CreationUtcTime: 2025-07-20 21:24:03.503
User: SHARON\Shxro"
"20/07/2025 22:24:03","1","Process Create:
RuleName: -
UtcTime: 2025-07-20 21:24:03.431
ProcessGuid: {7f6f9216-5e73-687d-6a09-000000006901}
ProcessId: 27076
Image: C:\Windows\SysWOW64\WindowsPowerShell\v1.0\powershell.exe
FileVersion: 10.0.22621.3085 (WinBuild.160101.0800)
Description: Windows PowerShell
Product: Microsoft? Windows? Operating System
Company: Microsoft Corporation
OriginalFileName: PowerShell.EXE
CommandLine: powershell.exe -c gwmi win32_process -Filter 'ProcessId=24968 or ProcessId=18904' | select CreationDate,KernelModeTime,ParentProcessId,ProcessId,UserModeTime,WorkingSetSize | format-table
CurrentDirectory: C:\WINDOWS\system32\
User: SHARON\Shxro
LogonGuid: {7f6f9216-39c8-687d-7b7c-070000000000}
LogonId: 0x77C7B
TerminalSessionId: 1
IntegrityLevel: High
Hashes: MD5=61732DBA77466B624C014B67A1E1348E,SHA256=D4CC57797F43E2744E5F46CFB9E69DF2944D4C809A5FA93928F453E59076F0CD,IMPHASH=9F91C97560360686D37B0E311BB8BD64
ParentProcessGuid: {7f6f9216-39d9-687d-d001-000000006901}
ParentProcessId: 18904
ParentImage: C:\Program Files (x86)\ASUS\ArmouryDevice\asus_framework.exe
ParentCommandLine: ""C:\Program Files (x86)\ASUS\ArmouryDevice\asus_framework.exe"" --delay
ParentUser: SHARON\Shxro"
"20/07/2025 22:23:49","11","File created:
RuleName: -
UtcTime: 2025-07-20 21:23:49.657
ProcessGuid: {7f6f9216-5e65-687d-6509-000000006901}
ProcessId: 10128
Image: C:\Windows\System32\WindowsPowerShell\v1.0\powershell.exe
TargetFilename: C:\Users\Shxro\AppData\Local\Temp\__PSScriptPolicyTest_j0cdkt5h.p2x.ps1
CreationUtcTime: 2025-07-20 21:23:49.657
User: SHARON\Shxro"
"20/07/2025 22:23:49","1","Process Create:
RuleName: -
UtcTime: 2025-07-20 21:23:49.083
ProcessGuid: {7f6f9216-5e65-687d-6509-000000006901}
ProcessId: 10128
Image: C:\Windows\System32\WindowsPowerShell\v1.0\powershell.exe
FileVersion: 10.0.22621.3085 (WinBuild.160101.0800)
Description: Windows PowerShell
Product: Microsoft? Windows? Operating System
Company: Microsoft Corporation
OriginalFileName: PowerShell.EXE
CommandLine: ""C:\Windows\System32\WindowsPowerShell\v1.0\powershell.exe"" 
CurrentDirectory: C:\Users\Shxro\
User: SHARON\Shxro
LogonGuid: {7f6f9216-39c8-687d-6882-070000000000}
LogonId: 0x78268
TerminalSessionId: 1
IntegrityLevel: Medium
Hashes: MD5=9D8E30DAF21108092D5980C931876B7E,SHA256=3247BCFD60F6DD25F34CB74B5889AB10EF1B3EC72B4D4B3D95B5B25B534560B8,IMPHASH=AFACF6DC9041114B198160AAB4D0AE77
ParentProcessGuid: {7f6f9216-39ca-687d-1101-000000006901}
ParentProcessId: 12968
ParentImage: C:\Windows\explorer.exe
ParentCommandLine: C:\WINDOWS\Explorer.EXE
ParentUser: SHARON\Shxro"
"20/07/2025 22:23:33","11","File created:
RuleName: -
UtcTime: 2025-07-20 21:23:33.493
ProcessGuid: {7f6f9216-5e55-687d-6009-000000006901}
ProcessId: 7096
Image: C:\Windows\SysWOW64\WindowsPowerShell\v1.0\powershell.exe
TargetFilename: C:\Users\Shxro\AppData\Local\Temp\__PSScriptPolicyTest_xoq5k0br.e3e.ps1
CreationUtcTime: 2025-07-20 21:23:33.493
User: SHARON\Shxro"
"20/07/2025 22:23:33","1","Process Create:
RuleName: -
UtcTime: 2025-07-20 21:23:33.420
ProcessGuid: {7f6f9216-5e55-687d-6009-000000006901}
ProcessId: 7096
Image: C:\Windows\SysWOW64\WindowsPowerShell\v1.0\powershell.exe
FileVersion: 10.0.22621.3085 (WinBuild.160101.0800)
Description: Windows PowerShell
Product: Microsoft? Windows? Operating System
Company: Microsoft Corporation
OriginalFileName: PowerShell.EXE
CommandLine: powershell.exe -c gwmi win32_process -Filter 'ProcessId=24968 or ProcessId=18904' | select CreationDate,KernelModeTime,ParentProcessId,ProcessId,UserModeTime,WorkingSetSize | format-table
CurrentDirectory: C:\WINDOWS\system32\
User: SHARON\Shxro
LogonGuid: {7f6f9216-39c8-687d-7b7c-070000000000}
LogonId: 0x77C7B
TerminalSessionId: 1
IntegrityLevel: High
Hashes: MD5=61732DBA77466B624C014B67A1E1348E,SHA256=D4CC57797F43E2744E5F46CFB9E69DF2944D4C809A5FA93928F453E59076F0CD,IMPHASH=9F91C97560360686D37B0E311BB8BD64
ParentProcessGuid: {7f6f9216-39d9-687d-d001-000000006901}
ParentProcessId: 18904
ParentImage: C:\Program Files (x86)\ASUS\ArmouryDevice\asus_framework.exe
ParentCommandLine: ""C:\Program Files (x86)\ASUS\ArmouryDevice\asus_framework.exe"" --delay
ParentUser: SHARON\Shxro"
"20/07/2025 22:23:03","11","File created:
RuleName: -
UtcTime: 2025-07-20 21:23:03.483
ProcessGuid: {7f6f9216-5e37-687d-5e09-000000006901}
ProcessId: 7196
Image: C:\Windows\SysWOW64\WindowsPowerShell\v1.0\powershell.exe
TargetFilename: C:\Users\Shxro\AppData\Local\Temp\__PSScriptPolicyTest_xrznyczq.kzn.ps1
CreationUtcTime: 2025-07-20 21:23:03.482
User: SHARON\Shxro"
"20/07/2025 22:23:03","1","Process Create:
RuleName: -
UtcTime: 2025-07-20 21:23:03.408
ProcessGuid: {7f6f9216-5e37-687d-5e09-000000006901}
ProcessId: 7196
Image: C:\Windows\SysWOW64\WindowsPowerShell\v1.0\powershell.exe
FileVersion: 10.0.22621.3085 (WinBuild.160101.0800)
Description: Windows PowerShell
Product: Microsoft? Windows? Operating System
Company: Microsoft Corporation
OriginalFileName: PowerShell.EXE
CommandLine: powershell.exe -c gwmi win32_process -Filter 'ProcessId=24968 or ProcessId=18904' | select CreationDate,KernelModeTime,ParentProcessId,ProcessId,UserModeTime,WorkingSetSize | format-table
CurrentDirectory: C:\WINDOWS\system32\
User: SHARON\Shxro
LogonGuid: {7f6f9216-39c8-687d-7b7c-070000000000}
LogonId: 0x77C7B
TerminalSessionId: 1
IntegrityLevel: High
Hashes: MD5=61732DBA77466B624C014B67A1E1348E,SHA256=D4CC57797F43E2744E5F46CFB9E69DF2944D4C809A5FA93928F453E59076F0CD,IMPHASH=9F91C97560360686D37B0E311BB8BD64
ParentProcessGuid: {7f6f9216-39d9-687d-d001-000000006901}
ParentProcessId: 18904
ParentImage: C:\Program Files (x86)\ASUS\ArmouryDevice\asus_framework.exe
ParentCommandLine: ""C:\Program Files (x86)\ASUS\ArmouryDevice\asus_framework.exe"" --delay
ParentUser: SHARON\Shxro"
"20/07/2025 22:22:33","11","File created:
RuleName: -
UtcTime: 2025-07-20 21:22:33.479
ProcessGuid: {7f6f9216-5e19-687d-5909-000000006901}
ProcessId: 15844
Image: C:\Windows\SysWOW64\WindowsPowerShell\v1.0\powershell.exe
TargetFilename: C:\Users\Shxro\AppData\Local\Temp\__PSScriptPolicyTest_c2gi3st0.1wc.ps1
CreationUtcTime: 2025-07-20 21:22:33.479
User: SHARON\Shxro"
"20/07/2025 22:22:33","1","Process Create:
RuleName: -
UtcTime: 2025-07-20 21:22:33.403
ProcessGuid: {7f6f9216-5e19-687d-5909-000000006901}
ProcessId: 15844
Image: C:\Windows\SysWOW64\WindowsPowerShell\v1.0\powershell.exe
FileVersion: 10.0.22621.3085 (WinBuild.160101.0800)
Description: Windows PowerShell
Product: Microsoft? Windows? Operating System
Company: Microsoft Corporation
OriginalFileName: PowerShell.EXE
CommandLine: powershell.exe -c gwmi win32_process -Filter 'ProcessId=24968 or ProcessId=18904' | select CreationDate,KernelModeTime,ParentProcessId,ProcessId,UserModeTime,WorkingSetSize | format-table
CurrentDirectory: C:\WINDOWS\system32\
User: SHARON\Shxro
LogonGuid: {7f6f9216-39c8-687d-7b7c-070000000000}
LogonId: 0x77C7B
TerminalSessionId: 1
IntegrityLevel: High
Hashes: MD5=61732DBA77466B624C014B67A1E1348E,SHA256=D4CC57797F43E2744E5F46CFB9E69DF2944D4C809A5FA93928F453E59076F0CD,IMPHASH=9F91C97560360686D37B0E311BB8BD64
ParentProcessGuid: {7f6f9216-39d9-687d-d001-000000006901}
ParentProcessId: 18904
ParentImage: C:\Program Files (x86)\ASUS\ArmouryDevice\asus_framework.exe
ParentCommandLine: ""C:\Program Files (x86)\ASUS\ArmouryDevice\asus_framework.exe"" --delay
ParentUser: SHARON\Shxro"
"20/07/2025 22:22:03","11","File created:
RuleName: -
UtcTime: 2025-07-20 21:22:03.473
ProcessGuid: {7f6f9216-5dfb-687d-5709-000000006901}
ProcessId: 9732
Image: C:\Windows\SysWOW64\WindowsPowerShell\v1.0\powershell.exe
TargetFilename: C:\Users\Shxro\AppData\Local\Temp\__PSScriptPolicyTest_w3jmyrw2.s25.ps1
CreationUtcTime: 2025-07-20 21:22:03.473
User: SHARON\Shxro"
"20/07/2025 22:22:03","1","Process Create:
RuleName: -
UtcTime: 2025-07-20 21:22:03.399
ProcessGuid: {7f6f9216-5dfb-687d-5709-000000006901}
ProcessId: 9732
Image: C:\Windows\SysWOW64\WindowsPowerShell\v1.0\powershell.exe
FileVersion: 10.0.22621.3085 (WinBuild.160101.0800)
Description: Windows PowerShell
Product: Microsoft? Windows? Operating System
Company: Microsoft Corporation
OriginalFileName: PowerShell.EXE
CommandLine: powershell.exe -c gwmi win32_process -Filter 'ProcessId=24968 or ProcessId=18904' | select CreationDate,KernelModeTime,ParentProcessId,ProcessId,UserModeTime,WorkingSetSize | format-table
CurrentDirectory: C:\WINDOWS\system32\
User: SHARON\Shxro
LogonGuid: {7f6f9216-39c8-687d-7b7c-070000000000}
LogonId: 0x77C7B
TerminalSessionId: 1
IntegrityLevel: High
Hashes: MD5=61732DBA77466B624C014B67A1E1348E,SHA256=D4CC57797F43E2744E5F46CFB9E69DF2944D4C809A5FA93928F453E59076F0CD,IMPHASH=9F91C97560360686D37B0E311BB8BD64
ParentProcessGuid: {7f6f9216-39d9-687d-d001-000000006901}
ParentProcessId: 18904
ParentImage: C:\Program Files (x86)\ASUS\ArmouryDevice\asus_framework.exe
ParentCommandLine: ""C:\Program Files (x86)\ASUS\ArmouryDevice\asus_framework.exe"" --delay
ParentUser: SHARON\Shxro"
"20/07/2025 22:21:33","11","File created:
RuleName: -
UtcTime: 2025-07-20 21:21:33.471
ProcessGuid: {7f6f9216-5ddd-687d-5509-000000006901}
ProcessId: 26760
Image: C:\Windows\SysWOW64\WindowsPowerShell\v1.0\powershell.exe
TargetFilename: C:\Users\Shxro\AppData\Local\Temp\__PSScriptPolicyTest_tbaxto5g.aum.ps1
CreationUtcTime: 2025-07-20 21:21:33.471
User: SHARON\Shxro"
"20/07/2025 22:21:33","1","Process Create:
RuleName: -
UtcTime: 2025-07-20 21:21:33.398
ProcessGuid: {7f6f9216-5ddd-687d-5509-000000006901}
ProcessId: 26760
Image: C:\Windows\SysWOW64\WindowsPowerShell\v1.0\powershell.exe
FileVersion: 10.0.22621.3085 (WinBuild.160101.0800)
Description: Windows PowerShell
Product: Microsoft? Windows? Operating System
Company: Microsoft Corporation
OriginalFileName: PowerShell.EXE
CommandLine: powershell.exe -c gwmi win32_process -Filter 'ProcessId=24968 or ProcessId=18904' | select CreationDate,KernelModeTime,ParentProcessId,ProcessId,UserModeTime,WorkingSetSize | format-table
CurrentDirectory: C:\WINDOWS\system32\
User: SHARON\Shxro
LogonGuid: {7f6f9216-39c8-687d-7b7c-070000000000}
LogonId: 0x77C7B
TerminalSessionId: 1
IntegrityLevel: High
Hashes: MD5=61732DBA77466B624C014B67A1E1348E,SHA256=D4CC57797F43E2744E5F46CFB9E69DF2944D4C809A5FA93928F453E59076F0CD,IMPHASH=9F91C97560360686D37B0E311BB8BD64
ParentProcessGuid: {7f6f9216-39d9-687d-d001-000000006901}
ParentProcessId: 18904
ParentImage: C:\Program Files (x86)\ASUS\ArmouryDevice\asus_framework.exe
ParentCommandLine: ""C:\Program Files (x86)\ASUS\ArmouryDevice\asus_framework.exe"" --delay
ParentUser: SHARON\Shxro"
"20/07/2025 22:21:03","11","File created:
RuleName: -
UtcTime: 2025-07-20 21:21:03.462
ProcessGuid: {7f6f9216-5dbf-687d-5109-000000006901}
ProcessId: 24016
Image: C:\Windows\SysWOW64\WindowsPowerShell\v1.0\powershell.exe
TargetFilename: C:\Users\Shxro\AppData\Local\Temp\__PSScriptPolicyTest_wmv5soyw.0zn.ps1
CreationUtcTime: 2025-07-20 21:21:03.462
User: SHARON\Shxro"
"20/07/2025 22:21:03","1","Process Create:
RuleName: -
UtcTime: 2025-07-20 21:21:03.388
ProcessGuid: {7f6f9216-5dbf-687d-5109-000000006901}
ProcessId: 24016
Image: C:\Windows\SysWOW64\WindowsPowerShell\v1.0\powershell.exe
FileVersion: 10.0.22621.3085 (WinBuild.160101.0800)
Description: Windows PowerShell
Product: Microsoft? Windows? Operating System
Company: Microsoft Corporation
OriginalFileName: PowerShell.EXE
CommandLine: powershell.exe -c gwmi win32_process -Filter 'ProcessId=24968 or ProcessId=18904' | select CreationDate,KernelModeTime,ParentProcessId,ProcessId,UserModeTime,WorkingSetSize | format-table
CurrentDirectory: C:\WINDOWS\system32\
User: SHARON\Shxro
LogonGuid: {7f6f9216-39c8-687d-7b7c-070000000000}
LogonId: 0x77C7B
TerminalSessionId: 1
IntegrityLevel: High
Hashes: MD5=61732DBA77466B624C014B67A1E1348E,SHA256=D4CC57797F43E2744E5F46CFB9E69DF2944D4C809A5FA93928F453E59076F0CD,IMPHASH=9F91C97560360686D37B0E311BB8BD64
ParentProcessGuid: {7f6f9216-39d9-687d-d001-000000006901}
ParentProcessId: 18904
ParentImage: C:\Program Files (x86)\ASUS\ArmouryDevice\asus_framework.exe
ParentCommandLine: ""C:\Program Files (x86)\ASUS\ArmouryDevice\asus_framework.exe"" --delay
ParentUser: SHARON\Shxro"
"20/07/2025 22:20:33","11","File created:
RuleName: -
UtcTime: 2025-07-20 21:20:33.458
ProcessGuid: {7f6f9216-5da1-687d-4709-000000006901}
ProcessId: 2212
Image: C:\Windows\SysWOW64\WindowsPowerShell\v1.0\powershell.exe
TargetFilename: C:\Users\Shxro\AppData\Local\Temp\__PSScriptPolicyTest_a5pn2fkd.v2u.ps1
CreationUtcTime: 2025-07-20 21:20:33.458
User: SHARON\Shxro"
"20/07/2025 22:20:33","1","Process Create:
RuleName: -
UtcTime: 2025-07-20 21:20:33.384
ProcessGuid: {7f6f9216-5da1-687d-4709-000000006901}
ProcessId: 2212
Image: C:\Windows\SysWOW64\WindowsPowerShell\v1.0\powershell.exe
FileVersion: 10.0.22621.3085 (WinBuild.160101.0800)
Description: Windows PowerShell
Product: Microsoft? Windows? Operating System
Company: Microsoft Corporation
OriginalFileName: PowerShell.EXE
CommandLine: powershell.exe -c gwmi win32_process -Filter 'ProcessId=24968 or ProcessId=18904' | select CreationDate,KernelModeTime,ParentProcessId,ProcessId,UserModeTime,WorkingSetSize | format-table
CurrentDirectory: C:\WINDOWS\system32\
User: SHARON\Shxro
LogonGuid: {7f6f9216-39c8-687d-7b7c-070000000000}
LogonId: 0x77C7B
TerminalSessionId: 1
IntegrityLevel: High
Hashes: MD5=61732DBA77466B624C014B67A1E1348E,SHA256=D4CC57797F43E2744E5F46CFB9E69DF2944D4C809A5FA93928F453E59076F0CD,IMPHASH=9F91C97560360686D37B0E311BB8BD64
ParentProcessGuid: {7f6f9216-39d9-687d-d001-000000006901}
ParentProcessId: 18904
ParentImage: C:\Program Files (x86)\ASUS\ArmouryDevice\asus_framework.exe
ParentCommandLine: ""C:\Program Files (x86)\ASUS\ArmouryDevice\asus_framework.exe"" --delay
ParentUser: SHARON\Shxro"
"20/07/2025 22:20:03","11","File created:
RuleName: -
UtcTime: 2025-07-20 21:20:03.455
ProcessGuid: {7f6f9216-5d83-687d-4109-000000006901}
ProcessId: 26348
Image: C:\Windows\SysWOW64\WindowsPowerShell\v1.0\powershell.exe
TargetFilename: C:\Users\Shxro\AppData\Local\Temp\__PSScriptPolicyTest_0afpv1cg.5tw.ps1
CreationUtcTime: 2025-07-20 21:20:03.455
User: SHARON\Shxro"
"20/07/2025 22:20:03","1","Process Create:
RuleName: -
UtcTime: 2025-07-20 21:20:03.383
ProcessGuid: {7f6f9216-5d83-687d-4109-000000006901}
ProcessId: 26348
Image: C:\Windows\SysWOW64\WindowsPowerShell\v1.0\powershell.exe
FileVersion: 10.0.22621.3085 (WinBuild.160101.0800)
Description: Windows PowerShell
Product: Microsoft? Windows? Operating System
Company: Microsoft Corporation
OriginalFileName: PowerShell.EXE
CommandLine: powershell.exe -c gwmi win32_process -Filter 'ProcessId=24968 or ProcessId=18904' | select CreationDate,KernelModeTime,ParentProcessId,ProcessId,UserModeTime,WorkingSetSize | format-table
CurrentDirectory: C:\WINDOWS\system32\
User: SHARON\Shxro
LogonGuid: {7f6f9216-39c8-687d-7b7c-070000000000}
LogonId: 0x77C7B
TerminalSessionId: 1
IntegrityLevel: High
Hashes: MD5=61732DBA77466B624C014B67A1E1348E,SHA256=D4CC57797F43E2744E5F46CFB9E69DF2944D4C809A5FA93928F453E59076F0CD,IMPHASH=9F91C97560360686D37B0E311BB8BD64
ParentProcessGuid: {7f6f9216-39d9-687d-d001-000000006901}
ParentProcessId: 18904
ParentImage: C:\Program Files (x86)\ASUS\ArmouryDevice\asus_framework.exe
ParentCommandLine: ""C:\Program Files (x86)\ASUS\ArmouryDevice\asus_framework.exe"" --delay
ParentUser: SHARON\Shxro"
"20/07/2025 22:19:33","11","File created:
RuleName: -
UtcTime: 2025-07-20 21:19:33.453
ProcessGuid: {7f6f9216-5d65-687d-3f09-000000006901}
ProcessId: 4800
Image: C:\Windows\SysWOW64\WindowsPowerShell\v1.0\powershell.exe
TargetFilename: C:\Users\Shxro\AppData\Local\Temp\__PSScriptPolicyTest_gwj42hve.afj.ps1
CreationUtcTime: 2025-07-20 21:19:33.453
User: SHARON\Shxro"
"20/07/2025 22:19:33","1","Process Create:
RuleName: -
UtcTime: 2025-07-20 21:19:33.380
ProcessGuid: {7f6f9216-5d65-687d-3f09-000000006901}
ProcessId: 4800
Image: C:\Windows\SysWOW64\WindowsPowerShell\v1.0\powershell.exe
FileVersion: 10.0.22621.3085 (WinBuild.160101.0800)
Description: Windows PowerShell
Product: Microsoft? Windows? Operating System
Company: Microsoft Corporation
OriginalFileName: PowerShell.EXE
CommandLine: powershell.exe -c gwmi win32_process -Filter 'ProcessId=24968 or ProcessId=18904' | select CreationDate,KernelModeTime,ParentProcessId,ProcessId,UserModeTime,WorkingSetSize | format-table
CurrentDirectory: C:\WINDOWS\system32\
User: SHARON\Shxro
LogonGuid: {7f6f9216-39c8-687d-7b7c-070000000000}
LogonId: 0x77C7B
TerminalSessionId: 1
IntegrityLevel: High
Hashes: MD5=61732DBA77466B624C014B67A1E1348E,SHA256=D4CC57797F43E2744E5F46CFB9E69DF2944D4C809A5FA93928F453E59076F0CD,IMPHASH=9F91C97560360686D37B0E311BB8BD64
ParentProcessGuid: {7f6f9216-39d9-687d-d001-000000006901}
ParentProcessId: 18904
ParentImage: C:\Program Files (x86)\ASUS\ArmouryDevice\asus_framework.exe
ParentCommandLine: ""C:\Program Files (x86)\ASUS\ArmouryDevice\asus_framework.exe"" --delay
ParentUser: SHARON\Shxro"
"20/07/2025 22:19:03","11","File created:
RuleName: -
UtcTime: 2025-07-20 21:19:03.453
ProcessGuid: {7f6f9216-5d47-687d-3d09-000000006901}
ProcessId: 22132
Image: C:\Windows\SysWOW64\WindowsPowerShell\v1.0\powershell.exe
TargetFilename: C:\Users\Shxro\AppData\Local\Temp\__PSScriptPolicyTest_4lbz4ara.0j5.ps1
CreationUtcTime: 2025-07-20 21:19:03.453
User: SHARON\Shxro"
"20/07/2025 22:19:03","1","Process Create:
RuleName: -
UtcTime: 2025-07-20 21:19:03.379
ProcessGuid: {7f6f9216-5d47-687d-3d09-000000006901}
ProcessId: 22132
Image: C:\Windows\SysWOW64\WindowsPowerShell\v1.0\powershell.exe
FileVersion: 10.0.22621.3085 (WinBuild.160101.0800)
Description: Windows PowerShell
Product: Microsoft? Windows? Operating System
Company: Microsoft Corporation
OriginalFileName: PowerShell.EXE
CommandLine: powershell.exe -c gwmi win32_process -Filter 'ProcessId=24968 or ProcessId=18904' | select CreationDate,KernelModeTime,ParentProcessId,ProcessId,UserModeTime,WorkingSetSize | format-table
CurrentDirectory: C:\WINDOWS\system32\
User: SHARON\Shxro
LogonGuid: {7f6f9216-39c8-687d-7b7c-070000000000}
LogonId: 0x77C7B
TerminalSessionId: 1
IntegrityLevel: High
Hashes: MD5=61732DBA77466B624C014B67A1E1348E,SHA256=D4CC57797F43E2744E5F46CFB9E69DF2944D4C809A5FA93928F453E59076F0CD,IMPHASH=9F91C97560360686D37B0E311BB8BD64
ParentProcessGuid: {7f6f9216-39d9-687d-d001-000000006901}
ParentProcessId: 18904
ParentImage: C:\Program Files (x86)\ASUS\ArmouryDevice\asus_framework.exe
ParentCommandLine: ""C:\Program Files (x86)\ASUS\ArmouryDevice\asus_framework.exe"" --delay
ParentUser: SHARON\Shxro"
"20/07/2025 22:18:33","11","File created:
RuleName: -
UtcTime: 2025-07-20 21:18:33.446
ProcessGuid: {7f6f9216-5d29-687d-3b09-000000006901}
ProcessId: 10052
Image: C:\Windows\SysWOW64\WindowsPowerShell\v1.0\powershell.exe
TargetFilename: C:\Users\Shxro\AppData\Local\Temp\__PSScriptPolicyTest_mvmblxbt.h1i.ps1
CreationUtcTime: 2025-07-20 21:18:33.446
User: SHARON\Shxro"
"20/07/2025 22:18:33","1","Process Create:
RuleName: -
UtcTime: 2025-07-20 21:18:33.370
ProcessGuid: {7f6f9216-5d29-687d-3b09-000000006901}
ProcessId: 10052
Image: C:\Windows\SysWOW64\WindowsPowerShell\v1.0\powershell.exe
FileVersion: 10.0.22621.3085 (WinBuild.160101.0800)
Description: Windows PowerShell
Product: Microsoft? Windows? Operating System
Company: Microsoft Corporation
OriginalFileName: PowerShell.EXE
CommandLine: powershell.exe -c gwmi win32_process -Filter 'ProcessId=24968 or ProcessId=18904' | select CreationDate,KernelModeTime,ParentProcessId,ProcessId,UserModeTime,WorkingSetSize | format-table
CurrentDirectory: C:\WINDOWS\system32\
User: SHARON\Shxro
LogonGuid: {7f6f9216-39c8-687d-7b7c-070000000000}
LogonId: 0x77C7B
TerminalSessionId: 1
IntegrityLevel: High
Hashes: MD5=61732DBA77466B624C014B67A1E1348E,SHA256=D4CC57797F43E2744E5F46CFB9E69DF2944D4C809A5FA93928F453E59076F0CD,IMPHASH=9F91C97560360686D37B0E311BB8BD64
ParentProcessGuid: {7f6f9216-39d9-687d-d001-000000006901}
ParentProcessId: 18904
ParentImage: C:\Program Files (x86)\ASUS\ArmouryDevice\asus_framework.exe
ParentCommandLine: ""C:\Program Files (x86)\ASUS\ArmouryDevice\asus_framework.exe"" --delay
ParentUser: SHARON\Shxro"
"20/07/2025 22:18:33","1","Process Create:
RuleName: -
UtcTime: 2025-07-20 21:18:33.087
ProcessGuid: {7f6f9216-5d29-687d-3a09-000000006901}
ProcessId: 25352
Image: C:\Windows\System32\reg.exe
FileVersion: 10.0.22621.1 (WinBuild.160101.0800)
Description: Registry Console Tool
Product: Microsoft? Windows? Operating System
Company: Microsoft Corporation
OriginalFileName: reg.exe
CommandLine: ""C:\Windows\system32\reg.exe"" query HKLM\SAM
CurrentDirectory: C:\WINDOWS\system32\
User: SHARON\Shxro
LogonGuid: {7f6f9216-39c8-687d-7b7c-070000000000}
LogonId: 0x77C7B
TerminalSessionId: 1
IntegrityLevel: High
Hashes: MD5=CDB58D0BCABE76AFC60428F364834463,SHA256=411AE446FE37B30C0727888C7FA5E88994A46DAFD41AA5B3B06C9E884549AFDE,IMPHASH=1085BD82B37A225F6D356012D2E69C3D
ParentProcessGuid: {7f6f9216-59cc-687d-d008-000000006901}
ParentProcessId: 12256
ParentImage: C:\Windows\System32\WindowsPowerShell\v1.0\powershell.exe
ParentCommandLine: ""C:\Windows\System32\WindowsPowerShell\v1.0\powershell.exe"" 
ParentUser: SHARON\Shxro"
"20/07/2025 22:18:09","3","Network connection detected:
RuleName: -
UtcTime: 2025-07-20 21:18:07.056
ProcessGuid: {7f6f9216-59cc-687d-d008-000000006901}
ProcessId: 12256
Image: C:\Windows\System32\WindowsPowerShell\v1.0\powershell.exe
User: SHARON\Shxro
Protocol: tcp
Initiated: true
SourceIsIpv6: false
SourceIp: 192.168.1.128
SourceHostname: Sharon.lan
SourcePort: 52917
SourcePortName: -
DestinationIsIpv6: false
DestinationIp: 13.107.246.64
DestinationHostname: -
DestinationPort: 443
DestinationPortName: https"
"20/07/2025 22:18:03","11","File created:
RuleName: -
UtcTime: 2025-07-20 21:18:03.440
ProcessGuid: {7f6f9216-5d0b-687d-3609-000000006901}
ProcessId: 20428
Image: C:\Windows\SysWOW64\WindowsPowerShell\v1.0\powershell.exe
TargetFilename: C:\Users\Shxro\AppData\Local\Temp\__PSScriptPolicyTest_4mghhiry.0mo.ps1
CreationUtcTime: 2025-07-20 21:18:03.440
User: SHARON\Shxro"
"20/07/2025 22:18:03","1","Process Create:
RuleName: -
UtcTime: 2025-07-20 21:18:03.366
ProcessGuid: {7f6f9216-5d0b-687d-3609-000000006901}
ProcessId: 20428
Image: C:\Windows\SysWOW64\WindowsPowerShell\v1.0\powershell.exe
FileVersion: 10.0.22621.3085 (WinBuild.160101.0800)
Description: Windows PowerShell
Product: Microsoft? Windows? Operating System
Company: Microsoft Corporation
OriginalFileName: PowerShell.EXE
CommandLine: powershell.exe -c gwmi win32_process -Filter 'ProcessId=24968 or ProcessId=18904' | select CreationDate,KernelModeTime,ParentProcessId,ProcessId,UserModeTime,WorkingSetSize | format-table
CurrentDirectory: C:\WINDOWS\system32\
User: SHARON\Shxro
LogonGuid: {7f6f9216-39c8-687d-7b7c-070000000000}
LogonId: 0x77C7B
TerminalSessionId: 1
IntegrityLevel: High
Hashes: MD5=61732DBA77466B624C014B67A1E1348E,SHA256=D4CC57797F43E2744E5F46CFB9E69DF2944D4C809A5FA93928F453E59076F0CD,IMPHASH=9F91C97560360686D37B0E311BB8BD64
ParentProcessGuid: {7f6f9216-39d9-687d-d001-000000006901}
ParentProcessId: 18904
ParentImage: C:\Program Files (x86)\ASUS\ArmouryDevice\asus_framework.exe
ParentCommandLine: ""C:\Program Files (x86)\ASUS\ArmouryDevice\asus_framework.exe"" --delay
ParentUser: SHARON\Shxro"
"20/07/2025 22:17:57","1","Process Create:
RuleName: -
UtcTime: 2025-07-20 21:17:57.720
ProcessGuid: {7f6f9216-5d05-687d-3509-000000006901}
ProcessId: 3360
Image: C:\Windows\System32\reg.exe
FileVersion: 10.0.22621.1 (WinBuild.160101.0800)
Description: Registry Console Tool
Product: Microsoft? Windows? Operating System
Company: Microsoft Corporation
OriginalFileName: reg.exe
CommandLine: ""C:\Windows\system32\reg.exe"" query HKLM\SAM
CurrentDirectory: C:\WINDOWS\system32\
User: SHARON\Shxro
LogonGuid: {7f6f9216-39c8-687d-7b7c-070000000000}
LogonId: 0x77C7B
TerminalSessionId: 1
IntegrityLevel: High
Hashes: MD5=CDB58D0BCABE76AFC60428F364834463,SHA256=411AE446FE37B30C0727888C7FA5E88994A46DAFD41AA5B3B06C9E884549AFDE,IMPHASH=1085BD82B37A225F6D356012D2E69C3D
ParentProcessGuid: {7f6f9216-59cc-687d-d008-000000006901}
ParentProcessId: 12256
ParentImage: C:\Windows\System32\WindowsPowerShell\v1.0\powershell.exe
ParentCommandLine: ""C:\Windows\System32\WindowsPowerShell\v1.0\powershell.exe"" 
ParentUser: SHARON\Shxro"
"20/07/2025 22:17:33","11","File created:
RuleName: -
UtcTime: 2025-07-20 21:17:33.431
ProcessGuid: {7f6f9216-5ced-687d-3309-000000006901}
ProcessId: 5596
Image: C:\Windows\SysWOW64\WindowsPowerShell\v1.0\powershell.exe
TargetFilename: C:\Users\Shxro\AppData\Local\Temp\__PSScriptPolicyTest_zzhfggxc.4om.ps1
CreationUtcTime: 2025-07-20 21:17:33.431
User: SHARON\Shxro"
"20/07/2025 22:17:33","1","Process Create:
RuleName: -
UtcTime: 2025-07-20 21:17:33.358
ProcessGuid: {7f6f9216-5ced-687d-3309-000000006901}
ProcessId: 5596
Image: C:\Windows\SysWOW64\WindowsPowerShell\v1.0\powershell.exe
FileVersion: 10.0.22621.3085 (WinBuild.160101.0800)
Description: Windows PowerShell
Product: Microsoft? Windows? Operating System
Company: Microsoft Corporation
OriginalFileName: PowerShell.EXE
CommandLine: powershell.exe -c gwmi win32_process -Filter 'ProcessId=24968 or ProcessId=18904' | select CreationDate,KernelModeTime,ParentProcessId,ProcessId,UserModeTime,WorkingSetSize | format-table
CurrentDirectory: C:\WINDOWS\system32\
User: SHARON\Shxro
LogonGuid: {7f6f9216-39c8-687d-7b7c-070000000000}
LogonId: 0x77C7B
TerminalSessionId: 1
IntegrityLevel: High
Hashes: MD5=61732DBA77466B624C014B67A1E1348E,SHA256=D4CC57797F43E2744E5F46CFB9E69DF2944D4C809A5FA93928F453E59076F0CD,IMPHASH=9F91C97560360686D37B0E311BB8BD64
ParentProcessGuid: {7f6f9216-39d9-687d-d001-000000006901}
ParentProcessId: 18904
ParentImage: C:\Program Files (x86)\ASUS\ArmouryDevice\asus_framework.exe
ParentCommandLine: ""C:\Program Files (x86)\ASUS\ArmouryDevice\asus_framework.exe"" --delay
ParentUser: SHARON\Shxro"
"20/07/2025 22:17:03","11","File created:
RuleName: -
UtcTime: 2025-07-20 21:17:03.415
ProcessGuid: {7f6f9216-5ccf-687d-3109-000000006901}
ProcessId: 9904
Image: C:\Windows\SysWOW64\WindowsPowerShell\v1.0\powershell.exe
TargetFilename: C:\Users\Shxro\AppData\Local\Temp\__PSScriptPolicyTest_m1jafgvo.444.ps1
CreationUtcTime: 2025-07-20 21:17:03.415
User: SHARON\Shxro"
"20/07/2025 22:17:03","1","Process Create:
RuleName: -
UtcTime: 2025-07-20 21:17:03.343
ProcessGuid: {7f6f9216-5ccf-687d-3109-000000006901}
ProcessId: 9904
Image: C:\Windows\SysWOW64\WindowsPowerShell\v1.0\powershell.exe
FileVersion: 10.0.22621.3085 (WinBuild.160101.0800)
Description: Windows PowerShell
Product: Microsoft? Windows? Operating System
Company: Microsoft Corporation
OriginalFileName: PowerShell.EXE
CommandLine: powershell.exe -c gwmi win32_process -Filter 'ProcessId=24968 or ProcessId=18904' | select CreationDate,KernelModeTime,ParentProcessId,ProcessId,UserModeTime,WorkingSetSize | format-table
CurrentDirectory: C:\WINDOWS\system32\
User: SHARON\Shxro
LogonGuid: {7f6f9216-39c8-687d-7b7c-070000000000}
LogonId: 0x77C7B
TerminalSessionId: 1
IntegrityLevel: High
Hashes: MD5=61732DBA77466B624C014B67A1E1348E,SHA256=D4CC57797F43E2744E5F46CFB9E69DF2944D4C809A5FA93928F453E59076F0CD,IMPHASH=9F91C97560360686D37B0E311BB8BD64
ParentProcessGuid: {7f6f9216-39d9-687d-d001-000000006901}
ParentProcessId: 18904
ParentImage: C:\Program Files (x86)\ASUS\ArmouryDevice\asus_framework.exe
ParentCommandLine: ""C:\Program Files (x86)\ASUS\ArmouryDevice\asus_framework.exe"" --delay
ParentUser: SHARON\Shxro"
"20/07/2025 22:16:33","11","File created:
RuleName: -
UtcTime: 2025-07-20 21:16:33.405
ProcessGuid: {7f6f9216-5cb1-687d-2f09-000000006901}
ProcessId: 26412
Image: C:\Windows\SysWOW64\WindowsPowerShell\v1.0\powershell.exe
TargetFilename: C:\Users\Shxro\AppData\Local\Temp\__PSScriptPolicyTest_20oxark0.ywv.ps1
CreationUtcTime: 2025-07-20 21:16:33.404
User: SHARON\Shxro"
"20/07/2025 22:16:33","1","Process Create:
RuleName: -
UtcTime: 2025-07-20 21:16:33.329
ProcessGuid: {7f6f9216-5cb1-687d-2f09-000000006901}
ProcessId: 26412
Image: C:\Windows\SysWOW64\WindowsPowerShell\v1.0\powershell.exe
FileVersion: 10.0.22621.3085 (WinBuild.160101.0800)
Description: Windows PowerShell
Product: Microsoft? Windows? Operating System
Company: Microsoft Corporation
OriginalFileName: PowerShell.EXE
CommandLine: powershell.exe -c gwmi win32_process -Filter 'ProcessId=24968 or ProcessId=18904' | select CreationDate,KernelModeTime,ParentProcessId,ProcessId,UserModeTime,WorkingSetSize | format-table
CurrentDirectory: C:\WINDOWS\system32\
User: SHARON\Shxro
LogonGuid: {7f6f9216-39c8-687d-7b7c-070000000000}
LogonId: 0x77C7B
TerminalSessionId: 1
IntegrityLevel: High
Hashes: MD5=61732DBA77466B624C014B67A1E1348E,SHA256=D4CC57797F43E2744E5F46CFB9E69DF2944D4C809A5FA93928F453E59076F0CD,IMPHASH=9F91C97560360686D37B0E311BB8BD64
ParentProcessGuid: {7f6f9216-39d9-687d-d001-000000006901}
ParentProcessId: 18904
ParentImage: C:\Program Files (x86)\ASUS\ArmouryDevice\asus_framework.exe
ParentCommandLine: ""C:\Program Files (x86)\ASUS\ArmouryDevice\asus_framework.exe"" --delay
ParentUser: SHARON\Shxro"
"20/07/2025 22:16:03","11","File created:
RuleName: -
UtcTime: 2025-07-20 21:16:03.399
ProcessGuid: {7f6f9216-5c93-687d-2a09-000000006901}
ProcessId: 27312
Image: C:\Windows\SysWOW64\WindowsPowerShell\v1.0\powershell.exe
TargetFilename: C:\Users\Shxro\AppData\Local\Temp\__PSScriptPolicyTest_oehor3my.xem.ps1
CreationUtcTime: 2025-07-20 21:16:03.398
User: SHARON\Shxro"
"20/07/2025 22:16:03","1","Process Create:
RuleName: -
UtcTime: 2025-07-20 21:16:03.325
ProcessGuid: {7f6f9216-5c93-687d-2a09-000000006901}
ProcessId: 27312
Image: C:\Windows\SysWOW64\WindowsPowerShell\v1.0\powershell.exe
FileVersion: 10.0.22621.3085 (WinBuild.160101.0800)
Description: Windows PowerShell
Product: Microsoft? Windows? Operating System
Company: Microsoft Corporation
OriginalFileName: PowerShell.EXE
CommandLine: powershell.exe -c gwmi win32_process -Filter 'ProcessId=24968 or ProcessId=18904' | select CreationDate,KernelModeTime,ParentProcessId,ProcessId,UserModeTime,WorkingSetSize | format-table
CurrentDirectory: C:\WINDOWS\system32\
User: SHARON\Shxro
LogonGuid: {7f6f9216-39c8-687d-7b7c-070000000000}
LogonId: 0x77C7B
TerminalSessionId: 1
IntegrityLevel: High
Hashes: MD5=61732DBA77466B624C014B67A1E1348E,SHA256=D4CC57797F43E2744E5F46CFB9E69DF2944D4C809A5FA93928F453E59076F0CD,IMPHASH=9F91C97560360686D37B0E311BB8BD64
ParentProcessGuid: {7f6f9216-39d9-687d-d001-000000006901}
ParentProcessId: 18904
ParentImage: C:\Program Files (x86)\ASUS\ArmouryDevice\asus_framework.exe
ParentCommandLine: ""C:\Program Files (x86)\ASUS\ArmouryDevice\asus_framework.exe"" --delay
ParentUser: SHARON\Shxro"
"20/07/2025 22:15:33","11","File created:
RuleName: -
UtcTime: 2025-07-20 21:15:33.557
ProcessGuid: {7f6f9216-5c75-687d-2809-000000006901}
ProcessId: 8548
Image: C:\Windows\SysWOW64\WindowsPowerShell\v1.0\powershell.exe
TargetFilename: C:\Users\Shxro\AppData\Local\Temp\__PSScriptPolicyTest_3s3a0jyp.egu.ps1
CreationUtcTime: 2025-07-20 21:15:33.557
User: SHARON\Shxro"
"20/07/2025 22:15:33","1","Process Create:
RuleName: -
UtcTime: 2025-07-20 21:15:33.316
ProcessGuid: {7f6f9216-5c75-687d-2809-000000006901}
ProcessId: 8548
Image: C:\Windows\SysWOW64\WindowsPowerShell\v1.0\powershell.exe
FileVersion: 10.0.22621.3085 (WinBuild.160101.0800)
Description: Windows PowerShell
Product: Microsoft? Windows? Operating System
Company: Microsoft Corporation
OriginalFileName: PowerShell.EXE
CommandLine: powershell.exe -c gwmi win32_process -Filter 'ProcessId=24968 or ProcessId=18904' | select CreationDate,KernelModeTime,ParentProcessId,ProcessId,UserModeTime,WorkingSetSize | format-table
CurrentDirectory: C:\WINDOWS\system32\
User: SHARON\Shxro
LogonGuid: {7f6f9216-39c8-687d-7b7c-070000000000}
LogonId: 0x77C7B
TerminalSessionId: 1
IntegrityLevel: High
Hashes: MD5=61732DBA77466B624C014B67A1E1348E,SHA256=D4CC57797F43E2744E5F46CFB9E69DF2944D4C809A5FA93928F453E59076F0CD,IMPHASH=9F91C97560360686D37B0E311BB8BD64
ParentProcessGuid: {7f6f9216-39d9-687d-d001-000000006901}
ParentProcessId: 18904
ParentImage: C:\Program Files (x86)\ASUS\ArmouryDevice\asus_framework.exe
ParentCommandLine: ""C:\Program Files (x86)\ASUS\ArmouryDevice\asus_framework.exe"" --delay
ParentUser: SHARON\Shxro"
"20/07/2025 22:15:03","11","File created:
RuleName: -
UtcTime: 2025-07-20 21:15:03.392
ProcessGuid: {7f6f9216-5c57-687d-2609-000000006901}
ProcessId: 27688
Image: C:\Windows\SysWOW64\WindowsPowerShell\v1.0\powershell.exe
TargetFilename: C:\Users\Shxro\AppData\Local\Temp\__PSScriptPolicyTest_0xyylzmm.152.ps1
CreationUtcTime: 2025-07-20 21:15:03.392
User: SHARON\Shxro"
"20/07/2025 22:15:03","1","Process Create:
RuleName: -
UtcTime: 2025-07-20 21:15:03.304
ProcessGuid: {7f6f9216-5c57-687d-2609-000000006901}
ProcessId: 27688
Image: C:\Windows\SysWOW64\WindowsPowerShell\v1.0\powershell.exe
FileVersion: 10.0.22621.3085 (WinBuild.160101.0800)
Description: Windows PowerShell
Product: Microsoft? Windows? Operating System
Company: Microsoft Corporation
OriginalFileName: PowerShell.EXE
CommandLine: powershell.exe -c gwmi win32_process -Filter 'ProcessId=24968 or ProcessId=18904' | select CreationDate,KernelModeTime,ParentProcessId,ProcessId,UserModeTime,WorkingSetSize | format-table
CurrentDirectory: C:\WINDOWS\system32\
User: SHARON\Shxro
LogonGuid: {7f6f9216-39c8-687d-7b7c-070000000000}
LogonId: 0x77C7B
TerminalSessionId: 1
IntegrityLevel: High
Hashes: MD5=61732DBA77466B624C014B67A1E1348E,SHA256=D4CC57797F43E2744E5F46CFB9E69DF2944D4C809A5FA93928F453E59076F0CD,IMPHASH=9F91C97560360686D37B0E311BB8BD64
ParentProcessGuid: {7f6f9216-39d9-687d-d001-000000006901}
ParentProcessId: 18904
ParentImage: C:\Program Files (x86)\ASUS\ArmouryDevice\asus_framework.exe
ParentCommandLine: ""C:\Program Files (x86)\ASUS\ArmouryDevice\asus_framework.exe"" --delay
ParentUser: SHARON\Shxro"
"20/07/2025 22:14:33","11","File created:
RuleName: -
UtcTime: 2025-07-20 21:14:33.376
ProcessGuid: {7f6f9216-5c39-687d-2409-000000006901}
ProcessId: 28348
Image: C:\Windows\SysWOW64\WindowsPowerShell\v1.0\powershell.exe
TargetFilename: C:\Users\Shxro\AppData\Local\Temp\__PSScriptPolicyTest_bubc2ga5.gis.ps1
CreationUtcTime: 2025-07-20 21:14:33.375
User: SHARON\Shxro"
"20/07/2025 22:14:33","1","Process Create:
RuleName: -
UtcTime: 2025-07-20 21:14:33.295
ProcessGuid: {7f6f9216-5c39-687d-2409-000000006901}
ProcessId: 28348
Image: C:\Windows\SysWOW64\WindowsPowerShell\v1.0\powershell.exe
FileVersion: 10.0.22621.3085 (WinBuild.160101.0800)
Description: Windows PowerShell
Product: Microsoft? Windows? Operating System
Company: Microsoft Corporation
OriginalFileName: PowerShell.EXE
CommandLine: powershell.exe -c gwmi win32_process -Filter 'ProcessId=24968 or ProcessId=18904' | select CreationDate,KernelModeTime,ParentProcessId,ProcessId,UserModeTime,WorkingSetSize | format-table
CurrentDirectory: C:\WINDOWS\system32\
User: SHARON\Shxro
LogonGuid: {7f6f9216-39c8-687d-7b7c-070000000000}
LogonId: 0x77C7B
TerminalSessionId: 1
IntegrityLevel: High
Hashes: MD5=61732DBA77466B624C014B67A1E1348E,SHA256=D4CC57797F43E2744E5F46CFB9E69DF2944D4C809A5FA93928F453E59076F0CD,IMPHASH=9F91C97560360686D37B0E311BB8BD64
ParentProcessGuid: {7f6f9216-39d9-687d-d001-000000006901}
ParentProcessId: 18904
ParentImage: C:\Program Files (x86)\ASUS\ArmouryDevice\asus_framework.exe
ParentCommandLine: ""C:\Program Files (x86)\ASUS\ArmouryDevice\asus_framework.exe"" --delay
ParentUser: SHARON\Shxro"
"20/07/2025 22:14:33","22","Dns query:
RuleName: -
UtcTime: 2025-07-20 21:14:31.110
ProcessGuid: {7f6f9216-59cc-687d-d008-000000006901}
ProcessId: 12256
QueryName: evil.site
QueryStatus: 9003
QueryResults: -
Image: C:\Windows\System32\WindowsPowerShell\v1.0\powershell.exe
User: SHARON\Shxro"
"20/07/2025 22:14:12","22","Dns query:
RuleName: -
UtcTime: 2025-07-20 21:14:10.534
ProcessGuid: {7f6f9216-59cc-687d-d008-000000006901}
ProcessId: 12256
QueryName: download.sysinternals.com
QueryStatus: 0
QueryResults: type: 5 si-bxgtbkdmcjcydmfm.b01.azurefd.net;type: 5 shed.dual-low.s-part-0036.t-0009.t-msedge.net;type: 5 s-part-0036.t-0009.t-msedge.net;::ffff:13.107.246.64;
Image: C:\Windows\System32\WindowsPowerShell\v1.0\powershell.exe
User: SHARON\Shxro"
"20/07/2025 22:14:12","3","Network connection detected:
RuleName: -
UtcTime: 2025-07-20 21:14:10.550
ProcessGuid: {7f6f9216-59cc-687d-d008-000000006901}
ProcessId: 12256
Image: C:\Windows\System32\WindowsPowerShell\v1.0\powershell.exe
User: SHARON\Shxro
Protocol: tcp
Initiated: true
SourceIsIpv6: false
SourceIp: 192.168.1.128
SourceHostname: Sharon.lan
SourcePort: 52903
SourcePortName: -
DestinationIsIpv6: false
DestinationIp: 13.107.246.64
DestinationHostname: -
DestinationPort: 443
DestinationPortName: https"
"20/07/2025 22:14:03","11","File created:
RuleName: -
UtcTime: 2025-07-20 21:14:03.355
ProcessGuid: {7f6f9216-5c1b-687d-1f09-000000006901}
ProcessId: 5680
Image: C:\Windows\SysWOW64\WindowsPowerShell\v1.0\powershell.exe
TargetFilename: C:\Users\Shxro\AppData\Local\Temp\__PSScriptPolicyTest_xjprml0l.q51.ps1
CreationUtcTime: 2025-07-20 21:14:03.355
User: SHARON\Shxro"
